2018-10-30 13:17:00,725 - Log4JLogChute initialized using file 'velocity.log'
2018-10-30 13:17:00,726 - Initializing Velocity, Calling init()...
2018-10-30 13:17:00,726 - Starting Apache Velocity v1.7 (compiled: 2010-11-19 12:14:37)
2018-10-30 13:17:00,726 - Default Properties File: org\apache\velocity\runtime\defaults\velocity.properties
2018-10-30 13:17:00,726 - Trying to use logger class org.apache.velocity.runtime.log.AvalonLogChute
2018-10-30 13:17:00,726 - Target log system for org.apache.velocity.runtime.log.AvalonLogChute is not available (java.lang.NoClassDefFoundError: org/apache/log/format/Formatter).  Falling back to next log system...
2018-10-30 13:17:00,726 - Trying to use logger class org.apache.velocity.runtime.log.Log4JLogChute
2018-10-30 13:17:00,727 - Using logger class org.apache.velocity.runtime.log.Log4JLogChute
2018-10-30 13:17:00,732 - ResourceLoader instantiated: org.apache.velocity.runtime.resource.loader.FileResourceLoader
2018-10-30 13:17:00,734 - Do unicode file recognition:  false
2018-10-30 13:17:00,734 - FileResourceLoader : adding path 'F:/codebase/code/common/target/classes/template/'
2018-10-30 13:17:00,741 - ResourceCache: initialized (class org.apache.velocity.runtime.resource.ResourceCacheImpl) with class java.util.Collections$SynchronizedMap cache map.
2018-10-30 13:17:00,743 - Loaded System Directive: org.apache.velocity.runtime.directive.Stop
2018-10-30 13:17:00,744 - Loaded System Directive: org.apache.velocity.runtime.directive.Define
2018-10-30 13:17:00,744 - Loaded System Directive: org.apache.velocity.runtime.directive.Break
2018-10-30 13:17:00,745 - Loaded System Directive: org.apache.velocity.runtime.directive.Evaluate
2018-10-30 13:17:00,745 - Loaded System Directive: org.apache.velocity.runtime.directive.Literal
2018-10-30 13:17:00,746 - Loaded System Directive: org.apache.velocity.runtime.directive.Macro
2018-10-30 13:17:00,747 - Loaded System Directive: org.apache.velocity.runtime.directive.Parse
2018-10-30 13:17:00,748 - Loaded System Directive: org.apache.velocity.runtime.directive.Include
2018-10-30 13:17:00,749 - Loaded System Directive: org.apache.velocity.runtime.directive.Foreach
2018-10-30 13:17:00,781 - Created '20' parsers.
2018-10-30 13:17:00,786 - Velocimacro : "velocimacro.library" is not set.  Trying default library: VM_global_library.vm
2018-10-30 13:17:00,787 - Velocimacro : Default library not found.
2018-10-30 13:17:00,787 - Velocimacro : allowInline = true : VMs can be defined inline in templates
2018-10-30 13:17:00,787 - Velocimacro : allowInlineToOverride = false : VMs defined inline may NOT replace previous VM definitions
2018-10-30 13:17:00,787 - Velocimacro : allowInlineLocal = false : VMs defined inline will be global in scope if allowed.
2018-10-30 13:17:00,787 - Velocimacro : autoload off : VM system will not automatically reload global library macros
2018-10-30 13:17:00,827 - ResourceManager : found generatorConfig.vm with loader org.apache.velocity.runtime.resource.loader.FileResourceLoader
2018-10-30 13:17:00,842 - Null reference [template 'generatorConfig.vm', line 49, column 38] : ${generator.jdbc.driver} cannot be resolved.
2018-10-30 13:17:00,842 - Null reference [template 'generatorConfig.vm', line 50, column 40] : ${generator.jdbc.url} cannot be resolved.
2018-10-30 13:17:00,842 - Null reference [template 'generatorConfig.vm', line 51, column 33] : ${generator.jdbc.username} cannot be resolved.
2018-10-30 13:17:39,213 - Log4JLogChute initialized using file 'velocity.log'
2018-10-30 13:17:39,214 - Initializing Velocity, Calling init()...
2018-10-30 13:17:39,214 - Starting Apache Velocity v1.7 (compiled: 2010-11-19 12:14:37)
2018-10-30 13:17:39,214 - Default Properties File: org\apache\velocity\runtime\defaults\velocity.properties
2018-10-30 13:17:39,214 - Trying to use logger class org.apache.velocity.runtime.log.AvalonLogChute
2018-10-30 13:17:39,214 - Target log system for org.apache.velocity.runtime.log.AvalonLogChute is not available (java.lang.NoClassDefFoundError: org/apache/log/format/Formatter).  Falling back to next log system...
2018-10-30 13:17:39,214 - Trying to use logger class org.apache.velocity.runtime.log.Log4JLogChute
2018-10-30 13:17:39,214 - Using logger class org.apache.velocity.runtime.log.Log4JLogChute
2018-10-30 13:17:39,220 - ResourceLoader instantiated: org.apache.velocity.runtime.resource.loader.FileResourceLoader
2018-10-30 13:17:39,222 - Do unicode file recognition:  false
2018-10-30 13:17:39,222 - FileResourceLoader : adding path 'F:/codebase/code/common/target/classes/template/'
2018-10-30 13:17:39,231 - ResourceCache: initialized (class org.apache.velocity.runtime.resource.ResourceCacheImpl) with class java.util.Collections$SynchronizedMap cache map.
2018-10-30 13:17:39,232 - Loaded System Directive: org.apache.velocity.runtime.directive.Stop
2018-10-30 13:17:39,234 - Loaded System Directive: org.apache.velocity.runtime.directive.Define
2018-10-30 13:17:39,234 - Loaded System Directive: org.apache.velocity.runtime.directive.Break
2018-10-30 13:17:39,235 - Loaded System Directive: org.apache.velocity.runtime.directive.Evaluate
2018-10-30 13:17:39,236 - Loaded System Directive: org.apache.velocity.runtime.directive.Literal
2018-10-30 13:17:39,237 - Loaded System Directive: org.apache.velocity.runtime.directive.Macro
2018-10-30 13:17:39,238 - Loaded System Directive: org.apache.velocity.runtime.directive.Parse
2018-10-30 13:17:39,240 - Loaded System Directive: org.apache.velocity.runtime.directive.Include
2018-10-30 13:17:39,241 - Loaded System Directive: org.apache.velocity.runtime.directive.Foreach
2018-10-30 13:17:39,275 - Created '20' parsers.
2018-10-30 13:17:39,283 - Velocimacro : "velocimacro.library" is not set.  Trying default library: VM_global_library.vm
2018-10-30 13:17:39,283 - Velocimacro : Default library not found.
2018-10-30 13:17:39,283 - Velocimacro : allowInline = true : VMs can be defined inline in templates
2018-10-30 13:17:39,283 - Velocimacro : allowInlineToOverride = false : VMs defined inline may NOT replace previous VM definitions
2018-10-30 13:17:39,283 - Velocimacro : allowInlineLocal = false : VMs defined inline will be global in scope if allowed.
2018-10-30 13:17:39,283 - Velocimacro : autoload off : VM system will not automatically reload global library macros
2018-10-30 13:17:39,309 - ResourceManager : found generatorConfig.vm with loader org.apache.velocity.runtime.resource.loader.FileResourceLoader
2018-10-30 13:17:39,313 - Null reference [template 'generatorConfig.vm', line 49, column 38] : ${generator.jdbc.driver} cannot be resolved.
2018-10-30 13:17:39,314 - Null reference [template 'generatorConfig.vm', line 50, column 40] : ${generator.jdbc.url} cannot be resolved.
2018-10-30 13:17:39,314 - Null reference [template 'generatorConfig.vm', line 51, column 33] : ${generator.jdbc.username} cannot be resolved.
2018-10-30 13:22:08,591 - Log4JLogChute initialized using file 'velocity.log'
2018-10-30 13:22:08,592 - Initializing Velocity, Calling init()...
2018-10-30 13:22:08,592 - Starting Apache Velocity v1.7 (compiled: 2010-11-19 12:14:37)
2018-10-30 13:22:08,592 - Default Properties File: org\apache\velocity\runtime\defaults\velocity.properties
2018-10-30 13:22:08,592 - Trying to use logger class org.apache.velocity.runtime.log.AvalonLogChute
2018-10-30 13:22:08,592 - Target log system for org.apache.velocity.runtime.log.AvalonLogChute is not available (java.lang.NoClassDefFoundError: org/apache/log/format/Formatter).  Falling back to next log system...
2018-10-30 13:22:08,592 - Trying to use logger class org.apache.velocity.runtime.log.Log4JLogChute
2018-10-30 13:22:08,592 - Using logger class org.apache.velocity.runtime.log.Log4JLogChute
2018-10-30 13:22:08,598 - ResourceLoader instantiated: org.apache.velocity.runtime.resource.loader.FileResourceLoader
2018-10-30 13:22:08,599 - Do unicode file recognition:  false
2018-10-30 13:22:08,599 - FileResourceLoader : adding path 'F:/codebase/code/common/target/classes/template/'
2018-10-30 13:22:08,608 - ResourceCache: initialized (class org.apache.velocity.runtime.resource.ResourceCacheImpl) with class java.util.Collections$SynchronizedMap cache map.
2018-10-30 13:22:08,610 - Loaded System Directive: org.apache.velocity.runtime.directive.Stop
2018-10-30 13:22:08,611 - Loaded System Directive: org.apache.velocity.runtime.directive.Define
2018-10-30 13:22:08,612 - Loaded System Directive: org.apache.velocity.runtime.directive.Break
2018-10-30 13:22:08,613 - Loaded System Directive: org.apache.velocity.runtime.directive.Evaluate
2018-10-30 13:22:08,614 - Loaded System Directive: org.apache.velocity.runtime.directive.Literal
2018-10-30 13:22:08,615 - Loaded System Directive: org.apache.velocity.runtime.directive.Macro
2018-10-30 13:22:08,617 - Loaded System Directive: org.apache.velocity.runtime.directive.Parse
2018-10-30 13:22:08,618 - Loaded System Directive: org.apache.velocity.runtime.directive.Include
2018-10-30 13:22:08,620 - Loaded System Directive: org.apache.velocity.runtime.directive.Foreach
2018-10-30 13:22:08,662 - Created '20' parsers.
2018-10-30 13:22:08,670 - Velocimacro : "velocimacro.library" is not set.  Trying default library: VM_global_library.vm
2018-10-30 13:22:08,670 - Velocimacro : Default library not found.
2018-10-30 13:22:08,670 - Velocimacro : allowInline = true : VMs can be defined inline in templates
2018-10-30 13:22:08,670 - Velocimacro : allowInlineToOverride = false : VMs defined inline may NOT replace previous VM definitions
2018-10-30 13:22:08,671 - Velocimacro : allowInlineLocal = false : VMs defined inline will be global in scope if allowed.
2018-10-30 13:22:08,671 - Velocimacro : autoload off : VM system will not automatically reload global library macros
2018-10-30 13:22:08,693 - ResourceManager : found generatorConfig.vm with loader org.apache.velocity.runtime.resource.loader.FileResourceLoader
2018-10-30 13:22:08,697 - Null reference [template 'generatorConfig.vm', line 49, column 38] : ${generator.jdbc.driver} cannot be resolved.
2018-10-30 13:22:08,697 - Null reference [template 'generatorConfig.vm', line 50, column 40] : ${generator.jdbc.url} cannot be resolved.
2018-10-30 13:22:08,698 - Null reference [template 'generatorConfig.vm', line 51, column 33] : ${generator.jdbc.username} cannot be resolved.
2018-10-30 13:24:05,153 - Log4JLogChute initialized using file 'velocity.log'
2018-10-30 13:24:05,153 - Initializing Velocity, Calling init()...
2018-10-30 13:24:05,153 - Starting Apache Velocity v1.7 (compiled: 2010-11-19 12:14:37)
2018-10-30 13:24:05,153 - Default Properties File: org\apache\velocity\runtime\defaults\velocity.properties
2018-10-30 13:24:05,153 - Trying to use logger class org.apache.velocity.runtime.log.AvalonLogChute
2018-10-30 13:24:05,153 - Target log system for org.apache.velocity.runtime.log.AvalonLogChute is not available (java.lang.NoClassDefFoundError: org/apache/log/format/Formatter).  Falling back to next log system...
2018-10-30 13:24:05,153 - Trying to use logger class org.apache.velocity.runtime.log.Log4JLogChute
2018-10-30 13:24:05,153 - Using logger class org.apache.velocity.runtime.log.Log4JLogChute
2018-10-30 13:24:05,159 - ResourceLoader instantiated: org.apache.velocity.runtime.resource.loader.FileResourceLoader
2018-10-30 13:24:05,161 - Do unicode file recognition:  false
2018-10-30 13:24:05,161 - FileResourceLoader : adding path 'F:/codebase/code/common/target/classes/template/'
2018-10-30 13:24:05,171 - ResourceCache: initialized (class org.apache.velocity.runtime.resource.ResourceCacheImpl) with class java.util.Collections$SynchronizedMap cache map.
2018-10-30 13:24:05,173 - Loaded System Directive: org.apache.velocity.runtime.directive.Stop
2018-10-30 13:24:05,174 - Loaded System Directive: org.apache.velocity.runtime.directive.Define
2018-10-30 13:24:05,175 - Loaded System Directive: org.apache.velocity.runtime.directive.Break
2018-10-30 13:24:05,177 - Loaded System Directive: org.apache.velocity.runtime.directive.Evaluate
2018-10-30 13:24:05,178 - Loaded System Directive: org.apache.velocity.runtime.directive.Literal
2018-10-30 13:24:05,179 - Loaded System Directive: org.apache.velocity.runtime.directive.Macro
2018-10-30 13:24:05,181 - Loaded System Directive: org.apache.velocity.runtime.directive.Parse
2018-10-30 13:24:05,182 - Loaded System Directive: org.apache.velocity.runtime.directive.Include
2018-10-30 13:24:05,183 - Loaded System Directive: org.apache.velocity.runtime.directive.Foreach
2018-10-30 13:24:05,224 - Created '20' parsers.
2018-10-30 13:24:05,232 - Velocimacro : "velocimacro.library" is not set.  Trying default library: VM_global_library.vm
2018-10-30 13:24:05,232 - Velocimacro : Default library not found.
2018-10-30 13:24:05,232 - Velocimacro : allowInline = true : VMs can be defined inline in templates
2018-10-30 13:24:05,232 - Velocimacro : allowInlineToOverride = false : VMs defined inline may NOT replace previous VM definitions
2018-10-30 13:24:05,232 - Velocimacro : allowInlineLocal = false : VMs defined inline will be global in scope if allowed.
2018-10-30 13:24:05,232 - Velocimacro : autoload off : VM system will not automatically reload global library macros
2018-10-30 13:24:05,255 - ResourceManager : found generatorConfig.vm with loader org.apache.velocity.runtime.resource.loader.FileResourceLoader
2018-10-30 13:24:05,260 - Null reference [template 'generatorConfig.vm', line 49, column 38] : ${generator.jdbc.driver} cannot be resolved.
2018-10-30 13:24:05,260 - Null reference [template 'generatorConfig.vm', line 50, column 40] : ${generator.jdbc.url} cannot be resolved.
2018-10-30 13:24:05,260 - Null reference [template 'generatorConfig.vm', line 51, column 33] : ${generator.jdbc.username} cannot be resolved.
2018-10-30 13:24:41,561 - Log4JLogChute initialized using file 'velocity.log'
2018-10-30 13:24:41,562 - Initializing Velocity, Calling init()...
2018-10-30 13:24:41,562 - Starting Apache Velocity v1.7 (compiled: 2010-11-19 12:14:37)
2018-10-30 13:24:41,562 - Default Properties File: org\apache\velocity\runtime\defaults\velocity.properties
2018-10-30 13:24:41,562 - Trying to use logger class org.apache.velocity.runtime.log.AvalonLogChute
2018-10-30 13:24:41,562 - Target log system for org.apache.velocity.runtime.log.AvalonLogChute is not available (java.lang.NoClassDefFoundError: org/apache/log/format/Formatter).  Falling back to next log system...
2018-10-30 13:24:41,562 - Trying to use logger class org.apache.velocity.runtime.log.Log4JLogChute
2018-10-30 13:24:41,562 - Using logger class org.apache.velocity.runtime.log.Log4JLogChute
2018-10-30 13:24:41,569 - ResourceLoader instantiated: org.apache.velocity.runtime.resource.loader.FileResourceLoader
2018-10-30 13:24:41,571 - Do unicode file recognition:  false
2018-10-30 13:24:41,571 - FileResourceLoader : adding path 'F:/codebase/code/common/target/classes/template/'
2018-10-30 13:24:41,581 - ResourceCache: initialized (class org.apache.velocity.runtime.resource.ResourceCacheImpl) with class java.util.Collections$SynchronizedMap cache map.
2018-10-30 13:24:41,583 - Loaded System Directive: org.apache.velocity.runtime.directive.Stop
2018-10-30 13:24:41,585 - Loaded System Directive: org.apache.velocity.runtime.directive.Define
2018-10-30 13:24:41,586 - Loaded System Directive: org.apache.velocity.runtime.directive.Break
2018-10-30 13:24:41,587 - Loaded System Directive: org.apache.velocity.runtime.directive.Evaluate
2018-10-30 13:24:41,589 - Loaded System Directive: org.apache.velocity.runtime.directive.Literal
2018-10-30 13:24:41,590 - Loaded System Directive: org.apache.velocity.runtime.directive.Macro
2018-10-30 13:24:41,592 - Loaded System Directive: org.apache.velocity.runtime.directive.Parse
2018-10-30 13:24:41,595 - Loaded System Directive: org.apache.velocity.runtime.directive.Include
2018-10-30 13:24:41,596 - Loaded System Directive: org.apache.velocity.runtime.directive.Foreach
2018-10-30 13:24:41,636 - Created '20' parsers.
2018-10-30 13:24:41,646 - Velocimacro : "velocimacro.library" is not set.  Trying default library: VM_global_library.vm
2018-10-30 13:24:41,646 - Velocimacro : Default library not found.
2018-10-30 13:24:41,646 - Velocimacro : allowInline = true : VMs can be defined inline in templates
2018-10-30 13:24:41,646 - Velocimacro : allowInlineToOverride = false : VMs defined inline may NOT replace previous VM definitions
2018-10-30 13:24:41,646 - Velocimacro : allowInlineLocal = false : VMs defined inline will be global in scope if allowed.
2018-10-30 13:24:41,646 - Velocimacro : autoload off : VM system will not automatically reload global library macros
2018-10-30 13:24:41,670 - ResourceManager : found generatorConfig.vm with loader org.apache.velocity.runtime.resource.loader.FileResourceLoader
2018-10-30 13:24:41,675 - Null reference [template 'generatorConfig.vm', line 49, column 38] : ${generator.jdbc.driver} cannot be resolved.
2018-10-30 13:24:41,675 - Null reference [template 'generatorConfig.vm', line 50, column 40] : ${generator.jdbc.url} cannot be resolved.
2018-10-30 13:24:41,675 - Null reference [template 'generatorConfig.vm', line 51, column 33] : ${generator.jdbc.username} cannot be resolved.
2018-10-30 13:25:51,901 - Log4JLogChute initialized using file 'velocity.log'
2018-10-30 13:25:51,902 - Initializing Velocity, Calling init()...
2018-10-30 13:25:51,902 - Starting Apache Velocity v1.7 (compiled: 2010-11-19 12:14:37)
2018-10-30 13:25:51,902 - Default Properties File: org\apache\velocity\runtime\defaults\velocity.properties
2018-10-30 13:25:51,902 - Trying to use logger class org.apache.velocity.runtime.log.AvalonLogChute
2018-10-30 13:25:51,902 - Target log system for org.apache.velocity.runtime.log.AvalonLogChute is not available (java.lang.NoClassDefFoundError: org/apache/log/format/Formatter).  Falling back to next log system...
2018-10-30 13:25:51,902 - Trying to use logger class org.apache.velocity.runtime.log.Log4JLogChute
2018-10-30 13:25:51,902 - Using logger class org.apache.velocity.runtime.log.Log4JLogChute
2018-10-30 13:25:51,910 - ResourceLoader instantiated: org.apache.velocity.runtime.resource.loader.FileResourceLoader
2018-10-30 13:25:51,911 - Do unicode file recognition:  false
2018-10-30 13:25:51,911 - FileResourceLoader : adding path 'F:/codebase/code/common/target/classes/template/'
2018-10-30 13:25:51,922 - ResourceCache: initialized (class org.apache.velocity.runtime.resource.ResourceCacheImpl) with class java.util.Collections$SynchronizedMap cache map.
2018-10-30 13:25:51,924 - Loaded System Directive: org.apache.velocity.runtime.directive.Stop
2018-10-30 13:25:51,926 - Loaded System Directive: org.apache.velocity.runtime.directive.Define
2018-10-30 13:25:51,927 - Loaded System Directive: org.apache.velocity.runtime.directive.Break
2018-10-30 13:25:51,928 - Loaded System Directive: org.apache.velocity.runtime.directive.Evaluate
2018-10-30 13:25:51,929 - Loaded System Directive: org.apache.velocity.runtime.directive.Literal
2018-10-30 13:25:51,931 - Loaded System Directive: org.apache.velocity.runtime.directive.Macro
2018-10-30 13:25:51,933 - Loaded System Directive: org.apache.velocity.runtime.directive.Parse
2018-10-30 13:25:51,935 - Loaded System Directive: org.apache.velocity.runtime.directive.Include
2018-10-30 13:25:51,937 - Loaded System Directive: org.apache.velocity.runtime.directive.Foreach
2018-10-30 13:25:51,970 - Created '20' parsers.
2018-10-30 13:25:51,975 - Velocimacro : "velocimacro.library" is not set.  Trying default library: VM_global_library.vm
2018-10-30 13:25:51,976 - Velocimacro : Default library not found.
2018-10-30 13:25:51,976 - Velocimacro : allowInline = true : VMs can be defined inline in templates
2018-10-30 13:25:51,976 - Velocimacro : allowInlineToOverride = false : VMs defined inline may NOT replace previous VM definitions
2018-10-30 13:25:51,976 - Velocimacro : allowInlineLocal = false : VMs defined inline will be global in scope if allowed.
2018-10-30 13:25:51,976 - Velocimacro : autoload off : VM system will not automatically reload global library macros
2018-10-30 13:25:52,000 - ResourceManager : found generatorConfig.vm with loader org.apache.velocity.runtime.resource.loader.FileResourceLoader
2018-10-30 13:25:52,004 - Null reference [template 'generatorConfig.vm', line 49, column 38] : ${generator.jdbc.driver} cannot be resolved.
2018-10-30 13:25:52,005 - Null reference [template 'generatorConfig.vm', line 50, column 40] : ${generator.jdbc.url} cannot be resolved.
2018-10-30 13:25:52,005 - Null reference [template 'generatorConfig.vm', line 51, column 33] : ${generator.jdbc.username} cannot be resolved.
2018-10-30 13:59:45,539 - Log4JLogChute initialized using file 'velocity.log'
2018-10-30 13:59:45,539 - Initializing Velocity, Calling init()...
2018-10-30 13:59:45,539 - Starting Apache Velocity v1.7 (compiled: 2010-11-19 12:14:37)
2018-10-30 13:59:45,539 - Default Properties File: org\apache\velocity\runtime\defaults\velocity.properties
2018-10-30 13:59:45,539 - Trying to use logger class org.apache.velocity.runtime.log.AvalonLogChute
2018-10-30 13:59:45,539 - Target log system for org.apache.velocity.runtime.log.AvalonLogChute is not available (java.lang.NoClassDefFoundError: org/apache/log/format/Formatter).  Falling back to next log system...
2018-10-30 13:59:45,539 - Trying to use logger class org.apache.velocity.runtime.log.Log4JLogChute
2018-10-30 13:59:45,539 - Using logger class org.apache.velocity.runtime.log.Log4JLogChute
2018-10-30 13:59:45,544 - ResourceLoader instantiated: org.apache.velocity.runtime.resource.loader.FileResourceLoader
2018-10-30 13:59:45,545 - Do unicode file recognition:  false
2018-10-30 13:59:45,545 - FileResourceLoader : adding path 'F:/codebase/item/common/target/classes/template/'
2018-10-30 13:59:45,552 - ResourceCache: initialized (class org.apache.velocity.runtime.resource.ResourceCacheImpl) with class java.util.Collections$SynchronizedMap cache map.
2018-10-30 13:59:45,554 - Loaded System Directive: org.apache.velocity.runtime.directive.Stop
2018-10-30 13:59:45,555 - Loaded System Directive: org.apache.velocity.runtime.directive.Define
2018-10-30 13:59:45,556 - Loaded System Directive: org.apache.velocity.runtime.directive.Break
2018-10-30 13:59:45,557 - Loaded System Directive: org.apache.velocity.runtime.directive.Evaluate
2018-10-30 13:59:45,557 - Loaded System Directive: org.apache.velocity.runtime.directive.Literal
2018-10-30 13:59:45,558 - Loaded System Directive: org.apache.velocity.runtime.directive.Macro
2018-10-30 13:59:45,560 - Loaded System Directive: org.apache.velocity.runtime.directive.Parse
2018-10-30 13:59:45,561 - Loaded System Directive: org.apache.velocity.runtime.directive.Include
2018-10-30 13:59:45,562 - Loaded System Directive: org.apache.velocity.runtime.directive.Foreach
2018-10-30 13:59:45,591 - Created '20' parsers.
2018-10-30 13:59:45,596 - Velocimacro : "velocimacro.library" is not set.  Trying default library: VM_global_library.vm
2018-10-30 13:59:45,597 - Velocimacro : Default library not found.
2018-10-30 13:59:45,597 - Velocimacro : allowInline = true : VMs can be defined inline in templates
2018-10-30 13:59:45,597 - Velocimacro : allowInlineToOverride = false : VMs defined inline may NOT replace previous VM definitions
2018-10-30 13:59:45,597 - Velocimacro : allowInlineLocal = false : VMs defined inline will be global in scope if allowed.
2018-10-30 13:59:45,597 - Velocimacro : autoload off : VM system will not automatically reload global library macros
2018-10-30 13:59:45,614 - ResourceManager : found generatorConfig.vm with loader org.apache.velocity.runtime.resource.loader.FileResourceLoader
2018-10-30 13:59:45,618 - Null reference [template 'generatorConfig.vm', line 49, column 38] : ${generator.jdbc.driver} cannot be resolved.
2018-10-30 13:59:45,618 - Null reference [template 'generatorConfig.vm', line 50, column 40] : ${generator.jdbc.url} cannot be resolved.
2018-10-30 13:59:45,618 - Null reference [template 'generatorConfig.vm', line 51, column 33] : ${generator.jdbc.username} cannot be resolved.
2018-10-30 14:03:27,127 - Log4JLogChute initialized using file 'velocity.log'
2018-10-30 14:03:27,128 - Initializing Velocity, Calling init()...
2018-10-30 14:03:27,128 - Starting Apache Velocity v1.7 (compiled: 2010-11-19 12:14:37)
2018-10-30 14:03:27,128 - Default Properties File: org\apache\velocity\runtime\defaults\velocity.properties
2018-10-30 14:03:27,128 - Trying to use logger class org.apache.velocity.runtime.log.AvalonLogChute
2018-10-30 14:03:27,128 - Target log system for org.apache.velocity.runtime.log.AvalonLogChute is not available (java.lang.NoClassDefFoundError: org/apache/log/format/Formatter).  Falling back to next log system...
2018-10-30 14:03:27,128 - Trying to use logger class org.apache.velocity.runtime.log.Log4JLogChute
2018-10-30 14:03:27,128 - Using logger class org.apache.velocity.runtime.log.Log4JLogChute
2018-10-30 14:03:27,133 - ResourceLoader instantiated: org.apache.velocity.runtime.resource.loader.FileResourceLoader
2018-10-30 14:03:27,135 - Do unicode file recognition:  false
2018-10-30 14:03:27,135 - FileResourceLoader : adding path 'F:/codebase/item/common/target/classes/template/'
2018-10-30 14:03:27,144 - ResourceCache: initialized (class org.apache.velocity.runtime.resource.ResourceCacheImpl) with class java.util.Collections$SynchronizedMap cache map.
2018-10-30 14:03:27,146 - Loaded System Directive: org.apache.velocity.runtime.directive.Stop
2018-10-30 14:03:27,148 - Loaded System Directive: org.apache.velocity.runtime.directive.Define
2018-10-30 14:03:27,149 - Loaded System Directive: org.apache.velocity.runtime.directive.Break
2018-10-30 14:03:27,151 - Loaded System Directive: org.apache.velocity.runtime.directive.Evaluate
2018-10-30 14:03:27,152 - Loaded System Directive: org.apache.velocity.runtime.directive.Literal
2018-10-30 14:03:27,154 - Loaded System Directive: org.apache.velocity.runtime.directive.Macro
2018-10-30 14:03:27,155 - Loaded System Directive: org.apache.velocity.runtime.directive.Parse
2018-10-30 14:03:27,157 - Loaded System Directive: org.apache.velocity.runtime.directive.Include
2018-10-30 14:03:27,159 - Loaded System Directive: org.apache.velocity.runtime.directive.Foreach
2018-10-30 14:03:27,195 - Created '20' parsers.
2018-10-30 14:03:27,205 - Velocimacro : "velocimacro.library" is not set.  Trying default library: VM_global_library.vm
2018-10-30 14:03:27,206 - Velocimacro : Default library not found.
2018-10-30 14:03:27,206 - Velocimacro : allowInline = true : VMs can be defined inline in templates
2018-10-30 14:03:27,206 - Velocimacro : allowInlineToOverride = false : VMs defined inline may NOT replace previous VM definitions
2018-10-30 14:03:27,206 - Velocimacro : allowInlineLocal = false : VMs defined inline will be global in scope if allowed.
2018-10-30 14:03:27,206 - Velocimacro : autoload off : VM system will not automatically reload global library macros
2018-10-30 14:03:27,231 - ResourceManager : found generatorConfig.vm with loader org.apache.velocity.runtime.resource.loader.FileResourceLoader
2018-10-30 14:03:27,238 - Null reference [template 'generatorConfig.vm', line 49, column 38] : ${generator.jdbc.driver} cannot be resolved.
2018-10-30 14:03:27,238 - Null reference [template 'generatorConfig.vm', line 50, column 40] : ${generator.jdbc.url} cannot be resolved.
2018-10-30 14:03:27,238 - Null reference [template 'generatorConfig.vm', line 51, column 33] : ${generator.jdbc.username} cannot be resolved.
2018-10-30 14:11:50,185 - Log4JLogChute initialized using file 'velocity.log'
2018-10-30 14:11:50,185 - Initializing Velocity, Calling init()...
2018-10-30 14:11:50,185 - Starting Apache Velocity v1.7 (compiled: 2010-11-19 12:14:37)
2018-10-30 14:11:50,185 - Default Properties File: org\apache\velocity\runtime\defaults\velocity.properties
2018-10-30 14:11:50,186 - Trying to use logger class org.apache.velocity.runtime.log.AvalonLogChute
2018-10-30 14:11:50,186 - Target log system for org.apache.velocity.runtime.log.AvalonLogChute is not available (java.lang.NoClassDefFoundError: org/apache/log/format/Formatter).  Falling back to next log system...
2018-10-30 14:11:50,186 - Trying to use logger class org.apache.velocity.runtime.log.Log4JLogChute
2018-10-30 14:11:50,186 - Using logger class org.apache.velocity.runtime.log.Log4JLogChute
2018-10-30 14:11:50,190 - ResourceLoader instantiated: org.apache.velocity.runtime.resource.loader.FileResourceLoader
2018-10-30 14:11:50,192 - Do unicode file recognition:  false
2018-10-30 14:11:50,192 - FileResourceLoader : adding path 'F:/codebase/item/common/target/classes/template/'
2018-10-30 14:11:50,201 - ResourceCache: initialized (class org.apache.velocity.runtime.resource.ResourceCacheImpl) with class java.util.Collections$SynchronizedMap cache map.
2018-10-30 14:11:50,203 - Loaded System Directive: org.apache.velocity.runtime.directive.Stop
2018-10-30 14:11:50,204 - Loaded System Directive: org.apache.velocity.runtime.directive.Define
2018-10-30 14:11:50,205 - Loaded System Directive: org.apache.velocity.runtime.directive.Break
2018-10-30 14:11:50,206 - Loaded System Directive: org.apache.velocity.runtime.directive.Evaluate
2018-10-30 14:11:50,206 - Loaded System Directive: org.apache.velocity.runtime.directive.Literal
2018-10-30 14:11:50,208 - Loaded System Directive: org.apache.velocity.runtime.directive.Macro
2018-10-30 14:11:50,209 - Loaded System Directive: org.apache.velocity.runtime.directive.Parse
2018-10-30 14:11:50,211 - Loaded System Directive: org.apache.velocity.runtime.directive.Include
2018-10-30 14:11:50,212 - Loaded System Directive: org.apache.velocity.runtime.directive.Foreach
2018-10-30 14:11:50,247 - Created '20' parsers.
2018-10-30 14:11:50,255 - Velocimacro : "velocimacro.library" is not set.  Trying default library: VM_global_library.vm
2018-10-30 14:11:50,255 - Velocimacro : Default library not found.
2018-10-30 14:11:50,255 - Velocimacro : allowInline = true : VMs can be defined inline in templates
2018-10-30 14:11:50,255 - Velocimacro : allowInlineToOverride = false : VMs defined inline may NOT replace previous VM definitions
2018-10-30 14:11:50,255 - Velocimacro : allowInlineLocal = false : VMs defined inline will be global in scope if allowed.
2018-10-30 14:11:50,255 - Velocimacro : autoload off : VM system will not automatically reload global library macros
2018-10-30 14:11:50,282 - ResourceManager : found generatorConfig.vm with loader org.apache.velocity.runtime.resource.loader.FileResourceLoader
2018-10-30 14:11:50,288 - Null reference [template 'generatorConfig.vm', line 49, column 38] : ${generator.jdbc.driver} cannot be resolved.
2018-10-30 14:11:50,288 - Null reference [template 'generatorConfig.vm', line 50, column 40] : ${generator.jdbc.url} cannot be resolved.
2018-10-30 14:11:50,288 - Null reference [template 'generatorConfig.vm', line 51, column 33] : ${generator.jdbc.username} cannot be resolved.
2018-10-30 14:16:08,229 - Log4JLogChute initialized using file 'velocity.log'
2018-10-30 14:16:08,230 - Initializing Velocity, Calling init()...
2018-10-30 14:16:08,230 - Starting Apache Velocity v1.7 (compiled: 2010-11-19 12:14:37)
2018-10-30 14:16:08,230 - Default Properties File: org\apache\velocity\runtime\defaults\velocity.properties
2018-10-30 14:16:08,230 - Trying to use logger class org.apache.velocity.runtime.log.AvalonLogChute
2018-10-30 14:16:08,230 - Target log system for org.apache.velocity.runtime.log.AvalonLogChute is not available (java.lang.NoClassDefFoundError: org/apache/log/format/Formatter).  Falling back to next log system...
2018-10-30 14:16:08,230 - Trying to use logger class org.apache.velocity.runtime.log.Log4JLogChute
2018-10-30 14:16:08,230 - Using logger class org.apache.velocity.runtime.log.Log4JLogChute
2018-10-30 14:16:08,236 - ResourceLoader instantiated: org.apache.velocity.runtime.resource.loader.FileResourceLoader
2018-10-30 14:16:08,238 - Do unicode file recognition:  false
2018-10-30 14:16:08,238 - FileResourceLoader : adding path 'F:/codebase/item/common/target/classes/template/'
2018-10-30 14:16:08,245 - ResourceCache: initialized (class org.apache.velocity.runtime.resource.ResourceCacheImpl) with class java.util.Collections$SynchronizedMap cache map.
2018-10-30 14:16:08,247 - Loaded System Directive: org.apache.velocity.runtime.directive.Stop
2018-10-30 14:16:08,248 - Loaded System Directive: org.apache.velocity.runtime.directive.Define
2018-10-30 14:16:08,249 - Loaded System Directive: org.apache.velocity.runtime.directive.Break
2018-10-30 14:16:08,251 - Loaded System Directive: org.apache.velocity.runtime.directive.Evaluate
2018-10-30 14:16:08,252 - Loaded System Directive: org.apache.velocity.runtime.directive.Literal
2018-10-30 14:16:08,253 - Loaded System Directive: org.apache.velocity.runtime.directive.Macro
2018-10-30 14:16:08,256 - Loaded System Directive: org.apache.velocity.runtime.directive.Parse
2018-10-30 14:16:08,258 - Loaded System Directive: org.apache.velocity.runtime.directive.Include
2018-10-30 14:16:08,259 - Loaded System Directive: org.apache.velocity.runtime.directive.Foreach
2018-10-30 14:16:08,299 - Created '20' parsers.
2018-10-30 14:16:08,310 - Velocimacro : "velocimacro.library" is not set.  Trying default library: VM_global_library.vm
2018-10-30 14:16:08,310 - Velocimacro : Default library not found.
2018-10-30 14:16:08,310 - Velocimacro : allowInline = true : VMs can be defined inline in templates
2018-10-30 14:16:08,310 - Velocimacro : allowInlineToOverride = false : VMs defined inline may NOT replace previous VM definitions
2018-10-30 14:16:08,310 - Velocimacro : allowInlineLocal = false : VMs defined inline will be global in scope if allowed.
2018-10-30 14:16:08,310 - Velocimacro : autoload off : VM system will not automatically reload global library macros
2018-10-30 14:16:08,338 - ResourceManager : found generatorConfig.vm with loader org.apache.velocity.runtime.resource.loader.FileResourceLoader
2018-10-30 14:16:08,343 - Null reference [template 'generatorConfig.vm', line 49, column 38] : ${generator.jdbc.driver} cannot be resolved.
2018-10-30 14:16:08,343 - Null reference [template 'generatorConfig.vm', line 50, column 40] : ${generator.jdbc.url} cannot be resolved.
2018-10-30 14:16:08,343 - Null reference [template 'generatorConfig.vm', line 51, column 33] : ${generator.jdbc.username} cannot be resolved.
2018-10-30 14:18:13,100 - Log4JLogChute initialized using file 'velocity.log'
2018-10-30 14:18:13,101 - Initializing Velocity, Calling init()...
2018-10-30 14:18:13,101 - Starting Apache Velocity v1.7 (compiled: 2010-11-19 12:14:37)
2018-10-30 14:18:13,101 - Default Properties File: org\apache\velocity\runtime\defaults\velocity.properties
2018-10-30 14:18:13,101 - Trying to use logger class org.apache.velocity.runtime.log.AvalonLogChute
2018-10-30 14:18:13,101 - Target log system for org.apache.velocity.runtime.log.AvalonLogChute is not available (java.lang.NoClassDefFoundError: org/apache/log/format/Formatter).  Falling back to next log system...
2018-10-30 14:18:13,101 - Trying to use logger class org.apache.velocity.runtime.log.Log4JLogChute
2018-10-30 14:18:13,101 - Using logger class org.apache.velocity.runtime.log.Log4JLogChute
2018-10-30 14:18:13,106 - ResourceLoader instantiated: org.apache.velocity.runtime.resource.loader.FileResourceLoader
2018-10-30 14:18:13,107 - Do unicode file recognition:  false
2018-10-30 14:18:13,107 - FileResourceLoader : adding path 'F:/codebase/item/common/target/classes/template/'
2018-10-30 14:18:13,115 - ResourceCache: initialized (class org.apache.velocity.runtime.resource.ResourceCacheImpl) with class java.util.Collections$SynchronizedMap cache map.
2018-10-30 14:18:13,117 - Loaded System Directive: org.apache.velocity.runtime.directive.Stop
2018-10-30 14:18:13,118 - Loaded System Directive: org.apache.velocity.runtime.directive.Define
2018-10-30 14:18:13,119 - Loaded System Directive: org.apache.velocity.runtime.directive.Break
2018-10-30 14:18:13,120 - Loaded System Directive: org.apache.velocity.runtime.directive.Evaluate
2018-10-30 14:18:13,120 - Loaded System Directive: org.apache.velocity.runtime.directive.Literal
2018-10-30 14:18:13,122 - Loaded System Directive: org.apache.velocity.runtime.directive.Macro
2018-10-30 14:18:13,123 - Loaded System Directive: org.apache.velocity.runtime.directive.Parse
2018-10-30 14:18:13,125 - Loaded System Directive: org.apache.velocity.runtime.directive.Include
2018-10-30 14:18:13,126 - Loaded System Directive: org.apache.velocity.runtime.directive.Foreach
2018-10-30 14:18:13,155 - Created '20' parsers.
2018-10-30 14:18:13,163 - Velocimacro : "velocimacro.library" is not set.  Trying default library: VM_global_library.vm
2018-10-30 14:18:13,163 - Velocimacro : Default library not found.
2018-10-30 14:18:13,163 - Velocimacro : allowInline = true : VMs can be defined inline in templates
2018-10-30 14:18:13,163 - Velocimacro : allowInlineToOverride = false : VMs defined inline may NOT replace previous VM definitions
2018-10-30 14:18:13,163 - Velocimacro : allowInlineLocal = false : VMs defined inline will be global in scope if allowed.
2018-10-30 14:18:13,163 - Velocimacro : autoload off : VM system will not automatically reload global library macros
2018-10-30 14:18:13,191 - ResourceManager : found generatorConfig.vm with loader org.apache.velocity.runtime.resource.loader.FileResourceLoader
2018-10-30 14:18:13,196 - Null reference [template 'generatorConfig.vm', line 49, column 38] : ${generator.jdbc.driver} cannot be resolved.
2018-10-30 14:18:13,197 - Null reference [template 'generatorConfig.vm', line 50, column 40] : ${generator.jdbc.url} cannot be resolved.
2018-10-30 14:18:13,197 - Null reference [template 'generatorConfig.vm', line 51, column 33] : ${generator.jdbc.username} cannot be resolved.
2018-10-30 14:23:31,502 - Log4JLogChute initialized using file 'velocity.log'
2018-10-30 14:23:31,502 - Initializing Velocity, Calling init()...
2018-10-30 14:23:31,502 - Starting Apache Velocity v1.7 (compiled: 2010-11-19 12:14:37)
2018-10-30 14:23:31,502 - Default Properties File: org\apache\velocity\runtime\defaults\velocity.properties
2018-10-30 14:23:31,502 - Trying to use logger class org.apache.velocity.runtime.log.AvalonLogChute
2018-10-30 14:23:31,502 - Target log system for org.apache.velocity.runtime.log.AvalonLogChute is not available (java.lang.NoClassDefFoundError: org/apache/log/format/Formatter).  Falling back to next log system...
2018-10-30 14:23:31,502 - Trying to use logger class org.apache.velocity.runtime.log.Log4JLogChute
2018-10-30 14:23:31,502 - Using logger class org.apache.velocity.runtime.log.Log4JLogChute
2018-10-30 14:23:31,510 - ResourceLoader instantiated: org.apache.velocity.runtime.resource.loader.FileResourceLoader
2018-10-30 14:23:31,511 - Do unicode file recognition:  false
2018-10-30 14:23:31,511 - FileResourceLoader : adding path 'F:/codebase/item/common/target/classes/template/'
2018-10-30 14:23:31,518 - ResourceCache: initialized (class org.apache.velocity.runtime.resource.ResourceCacheImpl) with class java.util.Collections$SynchronizedMap cache map.
2018-10-30 14:23:31,519 - Loaded System Directive: org.apache.velocity.runtime.directive.Stop
2018-10-30 14:23:31,520 - Loaded System Directive: org.apache.velocity.runtime.directive.Define
2018-10-30 14:23:31,521 - Loaded System Directive: org.apache.velocity.runtime.directive.Break
2018-10-30 14:23:31,522 - Loaded System Directive: org.apache.velocity.runtime.directive.Evaluate
2018-10-30 14:23:31,524 - Loaded System Directive: org.apache.velocity.runtime.directive.Literal
2018-10-30 14:23:31,526 - Loaded System Directive: org.apache.velocity.runtime.directive.Macro
2018-10-30 14:23:31,527 - Loaded System Directive: org.apache.velocity.runtime.directive.Parse
2018-10-30 14:23:31,528 - Loaded System Directive: org.apache.velocity.runtime.directive.Include
2018-10-30 14:23:31,529 - Loaded System Directive: org.apache.velocity.runtime.directive.Foreach
2018-10-30 14:23:31,553 - Created '20' parsers.
2018-10-30 14:23:31,559 - Velocimacro : "velocimacro.library" is not set.  Trying default library: VM_global_library.vm
2018-10-30 14:23:31,560 - Velocimacro : Default library not found.
2018-10-30 14:23:31,560 - Velocimacro : allowInline = true : VMs can be defined inline in templates
2018-10-30 14:23:31,560 - Velocimacro : allowInlineToOverride = false : VMs defined inline may NOT replace previous VM definitions
2018-10-30 14:23:31,560 - Velocimacro : allowInlineLocal = false : VMs defined inline will be global in scope if allowed.
2018-10-30 14:23:31,560 - Velocimacro : autoload off : VM system will not automatically reload global library macros
2018-10-30 14:23:31,577 - ResourceManager : found generatorConfig.vm with loader org.apache.velocity.runtime.resource.loader.FileResourceLoader
2018-10-30 14:23:31,579 - Null reference [template 'generatorConfig.vm', line 49, column 38] : ${generator.jdbc.driver} cannot be resolved.
2018-10-30 14:23:31,579 - Null reference [template 'generatorConfig.vm', line 50, column 40] : ${generator.jdbc.url} cannot be resolved.
2018-10-30 14:23:31,579 - Null reference [template 'generatorConfig.vm', line 51, column 33] : ${generator.jdbc.username} cannot be resolved.
2018-10-30 14:23:31,761 - ResourceManager : found Service.vm with loader org.apache.velocity.runtime.resource.loader.FileResourceLoader
2018-10-30 14:24:53,327 - Log4JLogChute initialized using file 'velocity.log'
2018-10-30 14:24:53,327 - Initializing Velocity, Calling init()...
2018-10-30 14:24:53,327 - Starting Apache Velocity v1.7 (compiled: 2010-11-19 12:14:37)
2018-10-30 14:24:53,328 - Default Properties File: org\apache\velocity\runtime\defaults\velocity.properties
2018-10-30 14:24:53,328 - Trying to use logger class org.apache.velocity.runtime.log.AvalonLogChute
2018-10-30 14:24:53,328 - Target log system for org.apache.velocity.runtime.log.AvalonLogChute is not available (java.lang.NoClassDefFoundError: org/apache/log/format/Formatter).  Falling back to next log system...
2018-10-30 14:24:53,328 - Trying to use logger class org.apache.velocity.runtime.log.Log4JLogChute
2018-10-30 14:24:53,328 - Using logger class org.apache.velocity.runtime.log.Log4JLogChute
2018-10-30 14:24:53,332 - ResourceLoader instantiated: org.apache.velocity.runtime.resource.loader.FileResourceLoader
2018-10-30 14:24:53,333 - Do unicode file recognition:  false
2018-10-30 14:24:53,333 - FileResourceLoader : adding path 'F:/codebase/item/common/target/classes/template/'
2018-10-30 14:24:53,346 - ResourceCache: initialized (class org.apache.velocity.runtime.resource.ResourceCacheImpl) with class java.util.Collections$SynchronizedMap cache map.
2018-10-30 14:24:53,349 - Loaded System Directive: org.apache.velocity.runtime.directive.Stop
2018-10-30 14:24:53,352 - Loaded System Directive: org.apache.velocity.runtime.directive.Define
2018-10-30 14:24:53,353 - Loaded System Directive: org.apache.velocity.runtime.directive.Break
2018-10-30 14:24:53,355 - Loaded System Directive: org.apache.velocity.runtime.directive.Evaluate
2018-10-30 14:24:53,357 - Loaded System Directive: org.apache.velocity.runtime.directive.Literal
2018-10-30 14:24:53,358 - Loaded System Directive: org.apache.velocity.runtime.directive.Macro
2018-10-30 14:24:53,359 - Loaded System Directive: org.apache.velocity.runtime.directive.Parse
2018-10-30 14:24:53,360 - Loaded System Directive: org.apache.velocity.runtime.directive.Include
2018-10-30 14:24:53,361 - Loaded System Directive: org.apache.velocity.runtime.directive.Foreach
2018-10-30 14:24:53,389 - Created '20' parsers.
2018-10-30 14:24:53,398 - Velocimacro : "velocimacro.library" is not set.  Trying default library: VM_global_library.vm
2018-10-30 14:24:53,398 - Velocimacro : Default library not found.
2018-10-30 14:24:53,399 - Velocimacro : allowInline = true : VMs can be defined inline in templates
2018-10-30 14:24:53,399 - Velocimacro : allowInlineToOverride = false : VMs defined inline may NOT replace previous VM definitions
2018-10-30 14:24:53,399 - Velocimacro : allowInlineLocal = false : VMs defined inline will be global in scope if allowed.
2018-10-30 14:24:53,399 - Velocimacro : autoload off : VM system will not automatically reload global library macros
2018-10-30 14:24:53,426 - ResourceManager : found generatorConfig.vm with loader org.apache.velocity.runtime.resource.loader.FileResourceLoader
2018-10-30 14:24:53,429 - Null reference [template 'generatorConfig.vm', line 49, column 38] : ${generator.jdbc.driver} cannot be resolved.
2018-10-30 14:24:53,429 - Null reference [template 'generatorConfig.vm', line 50, column 40] : ${generator.jdbc.url} cannot be resolved.
2018-10-30 14:24:53,429 - Null reference [template 'generatorConfig.vm', line 51, column 33] : ${generator.jdbc.username} cannot be resolved.
2018-10-30 14:24:53,657 - ResourceManager : found Service.vm with loader org.apache.velocity.runtime.resource.loader.FileResourceLoader
2018-10-30 14:25:47,235 - Log4JLogChute initialized using file 'velocity.log'
2018-10-30 14:25:47,235 - Initializing Velocity, Calling init()...
2018-10-30 14:25:47,236 - Starting Apache Velocity v1.7 (compiled: 2010-11-19 12:14:37)
2018-10-30 14:25:47,236 - Default Properties File: org\apache\velocity\runtime\defaults\velocity.properties
2018-10-30 14:25:47,236 - Trying to use logger class org.apache.velocity.runtime.log.AvalonLogChute
2018-10-30 14:25:47,236 - Target log system for org.apache.velocity.runtime.log.AvalonLogChute is not available (java.lang.NoClassDefFoundError: org/apache/log/format/Formatter).  Falling back to next log system...
2018-10-30 14:25:47,236 - Trying to use logger class org.apache.velocity.runtime.log.Log4JLogChute
2018-10-30 14:25:47,236 - Using logger class org.apache.velocity.runtime.log.Log4JLogChute
2018-10-30 14:25:47,240 - ResourceLoader instantiated: org.apache.velocity.runtime.resource.loader.FileResourceLoader
2018-10-30 14:25:47,241 - Do unicode file recognition:  false
2018-10-30 14:25:47,241 - FileResourceLoader : adding path 'F:/codebase/item/common/target/classes/template/'
2018-10-30 14:25:47,248 - ResourceCache: initialized (class org.apache.velocity.runtime.resource.ResourceCacheImpl) with class java.util.Collections$SynchronizedMap cache map.
2018-10-30 14:25:47,249 - Loaded System Directive: org.apache.velocity.runtime.directive.Stop
2018-10-30 14:25:47,250 - Loaded System Directive: org.apache.velocity.runtime.directive.Define
2018-10-30 14:25:47,251 - Loaded System Directive: org.apache.velocity.runtime.directive.Break
2018-10-30 14:25:47,251 - Loaded System Directive: org.apache.velocity.runtime.directive.Evaluate
2018-10-30 14:25:47,252 - Loaded System Directive: org.apache.velocity.runtime.directive.Literal
2018-10-30 14:25:47,253 - Loaded System Directive: org.apache.velocity.runtime.directive.Macro
2018-10-30 14:25:47,254 - Loaded System Directive: org.apache.velocity.runtime.directive.Parse
2018-10-30 14:25:47,256 - Loaded System Directive: org.apache.velocity.runtime.directive.Include
2018-10-30 14:25:47,257 - Loaded System Directive: org.apache.velocity.runtime.directive.Foreach
2018-10-30 14:25:47,300 - Created '20' parsers.
2018-10-30 14:25:47,309 - Velocimacro : "velocimacro.library" is not set.  Trying default library: VM_global_library.vm
2018-10-30 14:25:47,309 - Velocimacro : Default library not found.
2018-10-30 14:25:47,310 - Velocimacro : allowInline = true : VMs can be defined inline in templates
2018-10-30 14:25:47,310 - Velocimacro : allowInlineToOverride = false : VMs defined inline may NOT replace previous VM definitions
2018-10-30 14:25:47,310 - Velocimacro : allowInlineLocal = false : VMs defined inline will be global in scope if allowed.
2018-10-30 14:25:47,310 - Velocimacro : autoload off : VM system will not automatically reload global library macros
2018-10-30 14:25:47,339 - ResourceManager : found generatorConfig.vm with loader org.apache.velocity.runtime.resource.loader.FileResourceLoader
2018-10-30 14:25:47,343 - Null reference [template 'generatorConfig.vm', line 49, column 38] : ${generator.jdbc.driver} cannot be resolved.
2018-10-30 14:25:47,343 - Null reference [template 'generatorConfig.vm', line 50, column 40] : ${generator.jdbc.url} cannot be resolved.
2018-10-30 14:25:47,343 - Null reference [template 'generatorConfig.vm', line 51, column 33] : ${generator.jdbc.username} cannot be resolved.
2018-10-30 14:25:47,561 - ResourceManager : found Service.vm with loader org.apache.velocity.runtime.resource.loader.FileResourceLoader
2018-10-30 14:25:47,564 - ResourceManager : found ServiceMock.vm with loader org.apache.velocity.runtime.resource.loader.FileResourceLoader
2018-10-30 14:25:47,592 - ResourceManager : found ServiceImpl.vm with loader org.apache.velocity.runtime.resource.loader.FileResourceLoader
2018-10-30 17:10:51,191 - Log4JLogChute initialized using file 'velocity.log'
2018-10-30 17:10:51,208 - Initializing Velocity, Calling init()...
2018-10-30 17:10:51,208 - Starting Apache Velocity v1.7 (compiled: 2010-11-19 12:14:37)
2018-10-30 17:10:51,208 - Default Properties File: org\apache\velocity\runtime\defaults\velocity.properties
2018-10-30 17:10:51,208 - Trying to use logger class org.apache.velocity.runtime.log.AvalonLogChute
2018-10-30 17:10:51,208 - Target log system for org.apache.velocity.runtime.log.AvalonLogChute is not available (java.lang.NoClassDefFoundError: org/apache/log/format/Formatter).  Falling back to next log system...
2018-10-30 17:10:51,208 - Trying to use logger class org.apache.velocity.runtime.log.Log4JLogChute
2018-10-30 17:10:51,208 - Using logger class org.apache.velocity.runtime.log.Log4JLogChute
2018-10-30 17:10:51,215 - ResourceLoader instantiated: org.apache.velocity.runtime.resource.loader.FileResourceLoader
2018-10-30 17:10:51,216 - Do unicode file recognition:  false
2018-10-30 17:10:51,217 - FileResourceLoader : adding path 'F:/codebase/item/common/target/classes/template/'
2018-10-30 17:10:51,228 - ResourceCache: initialized (class org.apache.velocity.runtime.resource.ResourceCacheImpl) with class java.util.Collections$SynchronizedMap cache map.
2018-10-30 17:10:51,230 - Loaded System Directive: org.apache.velocity.runtime.directive.Stop
2018-10-30 17:10:51,232 - Loaded System Directive: org.apache.velocity.runtime.directive.Define
2018-10-30 17:10:51,233 - Loaded System Directive: org.apache.velocity.runtime.directive.Break
2018-10-30 17:10:51,234 - Loaded System Directive: org.apache.velocity.runtime.directive.Evaluate
2018-10-30 17:10:51,236 - Loaded System Directive: org.apache.velocity.runtime.directive.Literal
2018-10-30 17:10:51,237 - Loaded System Directive: org.apache.velocity.runtime.directive.Macro
2018-10-30 17:10:51,239 - Loaded System Directive: org.apache.velocity.runtime.directive.Parse
2018-10-30 17:10:51,241 - Loaded System Directive: org.apache.velocity.runtime.directive.Include
2018-10-30 17:10:51,242 - Loaded System Directive: org.apache.velocity.runtime.directive.Foreach
2018-10-30 17:10:51,278 - Created '20' parsers.
2018-10-30 17:10:51,285 - Velocimacro : "velocimacro.library" is not set.  Trying default library: VM_global_library.vm
2018-10-30 17:10:51,286 - Velocimacro : Default library not found.
2018-10-30 17:10:51,286 - Velocimacro : allowInline = true : VMs can be defined inline in templates
2018-10-30 17:10:51,286 - Velocimacro : allowInlineToOverride = false : VMs defined inline may NOT replace previous VM definitions
2018-10-30 17:10:51,286 - Velocimacro : allowInlineLocal = false : VMs defined inline will be global in scope if allowed.
2018-10-30 17:10:51,286 - Velocimacro : autoload off : VM system will not automatically reload global library macros
2018-10-30 17:10:51,316 - ResourceManager : found generatorConfig.vm with loader org.apache.velocity.runtime.resource.loader.FileResourceLoader
2018-10-30 17:10:51,320 - Null reference [template 'generatorConfig.vm', line 49, column 38] : ${generator.jdbc.driver} cannot be resolved.
2018-10-30 17:10:51,320 - Null reference [template 'generatorConfig.vm', line 50, column 40] : ${generator.jdbc.url} cannot be resolved.
2018-10-30 17:10:51,320 - Null reference [template 'generatorConfig.vm', line 51, column 33] : ${generator.jdbc.username} cannot be resolved.
2018-10-31 14:16:39,525 - Log4JLogChute initialized using file 'velocity.log'
2018-10-31 14:16:39,546 - Initializing Velocity, Calling init()...
2018-10-31 14:16:39,546 - Starting Apache Velocity v1.7 (compiled: 2010-11-19 12:14:37)
2018-10-31 14:16:39,546 - Default Properties File: org\apache\velocity\runtime\defaults\velocity.properties
2018-10-31 14:16:39,546 - Trying to use logger class org.apache.velocity.runtime.log.AvalonLogChute
2018-10-31 14:16:39,547 - Target log system for org.apache.velocity.runtime.log.AvalonLogChute is not available (java.lang.NoClassDefFoundError: org/apache/log/format/Formatter).  Falling back to next log system...
2018-10-31 14:16:39,547 - Trying to use logger class org.apache.velocity.runtime.log.Log4JLogChute
2018-10-31 14:16:39,547 - Using logger class org.apache.velocity.runtime.log.Log4JLogChute
2018-10-31 14:16:39,554 - ResourceLoader instantiated: org.apache.velocity.runtime.resource.loader.FileResourceLoader
2018-10-31 14:16:39,555 - Do unicode file recognition:  false
2018-10-31 14:16:39,556 - FileResourceLoader : adding path 'F:/codebase/item/common/target/classes/template/'
2018-10-31 14:16:39,566 - ResourceCache: initialized (class org.apache.velocity.runtime.resource.ResourceCacheImpl) with class java.util.Collections$SynchronizedMap cache map.
2018-10-31 14:16:39,568 - Loaded System Directive: org.apache.velocity.runtime.directive.Stop
2018-10-31 14:16:39,570 - Loaded System Directive: org.apache.velocity.runtime.directive.Define
2018-10-31 14:16:39,571 - Loaded System Directive: org.apache.velocity.runtime.directive.Break
2018-10-31 14:16:39,572 - Loaded System Directive: org.apache.velocity.runtime.directive.Evaluate
2018-10-31 14:16:39,574 - Loaded System Directive: org.apache.velocity.runtime.directive.Literal
2018-10-31 14:16:39,576 - Loaded System Directive: org.apache.velocity.runtime.directive.Macro
2018-10-31 14:16:39,578 - Loaded System Directive: org.apache.velocity.runtime.directive.Parse
2018-10-31 14:16:39,581 - Loaded System Directive: org.apache.velocity.runtime.directive.Include
2018-10-31 14:16:39,582 - Loaded System Directive: org.apache.velocity.runtime.directive.Foreach
2018-10-31 14:16:39,629 - Created '20' parsers.
2018-10-31 14:16:39,640 - Velocimacro : "velocimacro.library" is not set.  Trying default library: VM_global_library.vm
2018-10-31 14:16:39,640 - Velocimacro : Default library not found.
2018-10-31 14:16:39,640 - Velocimacro : allowInline = true : VMs can be defined inline in templates
2018-10-31 14:16:39,640 - Velocimacro : allowInlineToOverride = false : VMs defined inline may NOT replace previous VM definitions
2018-10-31 14:16:39,640 - Velocimacro : allowInlineLocal = false : VMs defined inline will be global in scope if allowed.
2018-10-31 14:16:39,640 - Velocimacro : autoload off : VM system will not automatically reload global library macros
2018-10-31 14:16:39,657 - ResourceManager : found generatorConfig.vm with loader org.apache.velocity.runtime.resource.loader.FileResourceLoader
2018-10-31 14:16:39,663 - Null reference [template 'generatorConfig.vm', line 49, column 38] : ${generator.jdbc.driver} cannot be resolved.
2018-10-31 14:16:39,663 - Null reference [template 'generatorConfig.vm', line 50, column 40] : ${generator.jdbc.url} cannot be resolved.
2018-10-31 14:16:39,663 - Null reference [template 'generatorConfig.vm', line 51, column 33] : ${generator.jdbc.username} cannot be resolved.
2018-10-31 14:19:03,628 - Log4JLogChute initialized using file 'velocity.log'
2018-10-31 14:19:03,629 - Initializing Velocity, Calling init()...
2018-10-31 14:19:03,629 - Starting Apache Velocity v1.7 (compiled: 2010-11-19 12:14:37)
2018-10-31 14:19:03,629 - Default Properties File: org\apache\velocity\runtime\defaults\velocity.properties
2018-10-31 14:19:03,629 - Trying to use logger class org.apache.velocity.runtime.log.AvalonLogChute
2018-10-31 14:19:03,629 - Target log system for org.apache.velocity.runtime.log.AvalonLogChute is not available (java.lang.NoClassDefFoundError: org/apache/log/format/Formatter).  Falling back to next log system...
2018-10-31 14:19:03,630 - Trying to use logger class org.apache.velocity.runtime.log.Log4JLogChute
2018-10-31 14:19:03,630 - Using logger class org.apache.velocity.runtime.log.Log4JLogChute
2018-10-31 14:19:03,639 - ResourceLoader instantiated: org.apache.velocity.runtime.resource.loader.FileResourceLoader
2018-10-31 14:19:03,642 - Do unicode file recognition:  false
2018-10-31 14:19:03,642 - FileResourceLoader : adding path 'F:/codebase/item/common/target/classes/template/'
2018-10-31 14:19:03,653 - ResourceCache: initialized (class org.apache.velocity.runtime.resource.ResourceCacheImpl) with class java.util.Collections$SynchronizedMap cache map.
2018-10-31 14:19:03,655 - Loaded System Directive: org.apache.velocity.runtime.directive.Stop
2018-10-31 14:19:03,656 - Loaded System Directive: org.apache.velocity.runtime.directive.Define
2018-10-31 14:19:03,656 - Loaded System Directive: org.apache.velocity.runtime.directive.Break
2018-10-31 14:19:03,657 - Loaded System Directive: org.apache.velocity.runtime.directive.Evaluate
2018-10-31 14:19:03,658 - Loaded System Directive: org.apache.velocity.runtime.directive.Literal
2018-10-31 14:19:03,659 - Loaded System Directive: org.apache.velocity.runtime.directive.Macro
2018-10-31 14:19:03,660 - Loaded System Directive: org.apache.velocity.runtime.directive.Parse
2018-10-31 14:19:03,661 - Loaded System Directive: org.apache.velocity.runtime.directive.Include
2018-10-31 14:19:03,662 - Loaded System Directive: org.apache.velocity.runtime.directive.Foreach
2018-10-31 14:19:03,708 - Created '20' parsers.
2018-10-31 14:19:03,719 - Velocimacro : "velocimacro.library" is not set.  Trying default library: VM_global_library.vm
2018-10-31 14:19:03,719 - Velocimacro : Default library not found.
2018-10-31 14:19:03,719 - Velocimacro : allowInline = true : VMs can be defined inline in templates
2018-10-31 14:19:03,719 - Velocimacro : allowInlineToOverride = false : VMs defined inline may NOT replace previous VM definitions
2018-10-31 14:19:03,719 - Velocimacro : allowInlineLocal = false : VMs defined inline will be global in scope if allowed.
2018-10-31 14:19:03,719 - Velocimacro : autoload off : VM system will not automatically reload global library macros
2018-10-31 14:19:03,746 - ResourceManager : found generatorConfig.vm with loader org.apache.velocity.runtime.resource.loader.FileResourceLoader
2018-10-31 14:19:03,750 - Null reference [template 'generatorConfig.vm', line 49, column 38] : ${generator.jdbc.driver} cannot be resolved.
2018-10-31 14:19:03,751 - Null reference [template 'generatorConfig.vm', line 50, column 40] : ${generator.jdbc.url} cannot be resolved.
2018-10-31 14:19:03,751 - Null reference [template 'generatorConfig.vm', line 51, column 33] : ${generator.jdbc.username} cannot be resolved.
